<?xml version="1.0" encoding="UTF-8"?>
<!-- Generated by org.testng.reporters.JUnitXMLReporter -->
<testsuite ignored="0" hostname="MSI" failures="0" tests="4" name="Default test" time="2.042" errors="0" timestamp="2024-06-23T03:28:15 EET">
  <testcase classname="MyTestCases" name="checkTheLanguage" time="0.022"/>
  <testcase classname="MyTestCases" name="checkTheCurrencyIsSAR" time="0.018"/>
  <testcase classname="MyTestCases" name="checkTheContactNumber" time="0.015"/>
  <testcase classname="MyTestCases" name="checkTheQitafLogoIsThereInFooter" time="0.03"/>
</testsuite> <!-- Default test -->
