<?xml version="1.0" encoding="UTF-8"?>
<testng-results ignored="0" total="4" passed="4" failed="0" skipped="0">
  <reporter-output>
  </reporter-output>
  <suite started-at="2024-06-23T03:28:13 EET" name="Default suite" finished-at="2024-06-23T03:28:15 EET" duration-ms="2042">
    <groups>
    </groups>
    <test started-at="2024-06-23T03:28:13 EET" name="Default test" finished-at="2024-06-23T03:28:15 EET" duration-ms="2042">
      <class name="MyTestCases">
        <test-method is-config="true" signature="mySetUp()[pri:0, instance:MyTestCases@53d102a2]" started-at="2024-06-23T03:28:13 EET" name="mySetUp" finished-at="2024-06-23T03:28:15 EET" duration-ms="1938" status="PASS">
          <reporter-output>
          </reporter-output>
        </test-method> <!-- mySetUp -->
        <test-method signature="checkTheLanguage()[pri:1, instance:MyTestCases@53d102a2]" started-at="2024-06-23T03:28:15 EET" name="checkTheLanguage" finished-at="2024-06-23T03:28:15 EET" duration-ms="22" status="PASS">
          <reporter-output>
          </reporter-output>
        </test-method> <!-- checkTheLanguage -->
        <test-method signature="checkTheCurrencyIsSAR()[pri:2, instance:MyTestCases@53d102a2]" started-at="2024-06-23T03:28:15 EET" name="checkTheCurrencyIsSAR" finished-at="2024-06-23T03:28:15 EET" duration-ms="18" status="PASS">
          <reporter-output>
          </reporter-output>
        </test-method> <!-- checkTheCurrencyIsSAR -->
        <test-method signature="checkTheContactNumber()[pri:3, instance:MyTestCases@53d102a2]" started-at="2024-06-23T03:28:15 EET" name="checkTheContactNumber" finished-at="2024-06-23T03:28:15 EET" duration-ms="15" status="PASS">
          <reporter-output>
          </reporter-output>
        </test-method> <!-- checkTheContactNumber -->
        <test-method signature="checkTheQitafLogoIsThereInFooter()[pri:4, instance:MyTestCases@53d102a2]" started-at="2024-06-23T03:28:15 EET" name="checkTheQitafLogoIsThereInFooter" finished-at="2024-06-23T03:28:15 EET" duration-ms="30" status="PASS">
          <reporter-output>
          </reporter-output>
        </test-method> <!-- checkTheQitafLogoIsThereInFooter -->
      </class> <!-- MyTestCases -->
    </test> <!-- Default test -->
  </suite> <!-- Default suite -->
</testng-results>
